module load r/4.5.0
Rscript ./scripts/03_make_clusters99.R
Loading required package: Biostrings
Loading required package: BiocGenerics
Loading required package: generics

Attaching package: ‘generics’

The following objects are masked from ‘package:base’:

    as.difftime, as.factor, as.ordered, intersect, is.element, setdiff,
    setequal, union


Attaching package: ‘BiocGenerics’

The following objects are masked from ‘package:stats’:

    IQR, mad, sd, var, xtabs

The following objects are masked from ‘package:base’:

    anyDuplicated, aperm, append, as.data.frame, basename, cbind,
    colnames, dirname, do.call, duplicated, eval, evalq, Filter, Find,
    get, grep, grepl, is.unsorted, lapply, Map, mapply, match, mget,
    order, paste, pmax, pmax.int, pmin, pmin.int, Position, rank,
    rbind, Reduce, rownames, sapply, saveRDS, table, tapply, unique,
    unsplit, which.max, which.min

Loading required package: S4Vectors
Loading required package: stats4

Attaching package: ‘S4Vectors’

The following object is masked from ‘package:utils’:

    findMatches

The following objects are masked from ‘package:base’:

    expand.grid, I, unname

Loading required package: IRanges
Loading required package: XVector
Loading required package: GenomeInfoDb

Attaching package: ‘Biostrings’

The following object is masked from ‘package:base’:

    strsplit

Partitioning sequences by 9-mer similarity:
================================================================================

Time difference of 43.1 secs

Sorting by relatedness within 612 groups:
iteration 54 of up to 2000 (100.0% stability) 

Time difference of 33.31 secs

Clustering sequences by 9-mer to 10-mer similarity:
================================================================================

Time difference of 247.96 secs

Clusters via relatedness sorting: 97.3% (0% exclusively)
Clusters via rare 9-mers: 100% (2.7% exclusively)
Estimated clustering effectiveness: 100%

