module load r/4.5.0
module load gcc/13.3

The following have been reloaded with a version change:
  1) flexiblas/3.3.1 => flexiblas/3.4.4       6) openmpi/4.1.5 => openmpi/5.0.3
  2) gcc/12.3 => gcc/13.3                     7) pmix/4.2.4 => pmix/5.0.2
  3) gcccore/.12.3 => gcccore/.13.3           8) ucc/1.2.0 => ucc/1.3.0
  4) hwloc/2.9.1 => hwloc/2.10.0              9) ucx/1.14.1 => ucx/1.16.0
  5) libfabric/1.18.0 => libfabric/1.21.0

export R_LIBS=/home/szamosjc/R/x86_64-pc-linux-gnu-library/4.5/
export NODESLIST=m5
Rscript ./scripts/cluster99/06_cluster_counts99.R
Loading required package: foreach
Loading required package: iterators
Loading required package: parallel

Read in the data

Check the inputs are good
Loading required namespace: phyloseq
[1] TRUE
[1] TRUE

Join the inputs into one table

Set up the parallelization

Start summing the taxa together within cluster

Tidying up the output
Error in write_rds(clstab, file = file.path(outdir, clstrds)) : 
  could not find function "write_rds"
Execution halted
