module load r/4.5.0
Rscript ./scripts/asvs/02_make_full.R
── Attaching core tidyverse packages ──────────────────────── tidyverse 2.0.0 ──
✔ dplyr     1.1.4     ✔ readr     2.1.5
✔ forcats   1.0.0     ✔ stringr   1.5.1
✔ ggplot2   3.5.2     ✔ tibble    3.3.0
✔ lubridate 1.9.4     ✔ tidyr     1.3.1
✔ purrr     1.1.0     
── Conflicts ────────────────────────────────────────── tidyverse_conflicts() ──
✖ dplyr::filter() masks stats::filter()
✖ dplyr::lag()    masks stats::lag()
ℹ Use the conflicted package (<http://conflicted.r-lib.org/>) to force all conflicts to become errors

Reading in tax table

Reading in asv table

Checking the rownames match

Reading in the mapfile

Checking for duplicates

There are 73 rows that are missing Sample IDs. Continuing.

No duplicates found

Checking for missing samples.
Some samples in the mapfile are absent from the ASV table. Continuing

Cleaning up the mapfile

Creating the phyloseq object

The original ASV table had 13581 samples and 100225 ASVs

The original map table had 13585 rows after removing duplicates.

The phyloseq object has 13581 samples and 100225 taxa before removing host

Updating the stats track table
Propagating taxon IDs down the levels
Joining with `by = join_by(Kingdom, Phylum, Class, Order, Family, Genus)`

Removing host ASVs

The phyloseq object has 96686 taxa after removing host.

Writing phyloseq object files

Writing the individual tables

Writing count totals

Writing track stats

DONE
