module load r/4.5.0
Rscript ./scripts/asvs/03_make_samfilt.R

The distribution of read depths is:
   Min. 1st Qu.  Median    Mean 3rd Qu.    Max. 
      0   28114   42273   49609   61420  664096 

The properties of the phyloseq object are:
phyloseq-class experiment-level object
otu_table()   OTU Table:         [ 99715 taxa and 12838 samples ]
sample_data() Sample Data:       [ 12838 samples by 10 sample variables ]
tax_table()   Taxonomy Table:    [ 99715 taxa by 7 taxonomic ranks ]

Removing negative controls

Removed negative controls. 12770 samples remaining.

Removing samples with < 10,000 reads.

Removed low-read samples. 12739 out of 12770 samples remaining, or 99.76%.

Removing taxa with 0 counts.

Removed 0-count taxa. 99668 out of 99715 taxa remaining, or 99.95%.

Writing phyloseq object files

Writing the individual tables

Writing track stats

DONE
