module load r/4.5.0
Rscript ./scripts/cluster99/03_make_clusters99.R
Loading required package: Biostrings
Loading required package: BiocGenerics
Loading required package: generics

Attaching package: 'generics'

The following objects are masked from 'package:base':

    as.difftime, as.factor, as.ordered, intersect, is.element, setdiff,
    setequal, union


Attaching package: 'BiocGenerics'

The following objects are masked from 'package:stats':

    IQR, mad, sd, var, xtabs

The following objects are masked from 'package:base':

    Filter, Find, Map, Position, Reduce, anyDuplicated, aperm, append,
    as.data.frame, basename, cbind, colnames, dirname, do.call,
    duplicated, eval, evalq, get, grep, grepl, is.unsorted, lapply,
    mapply, match, mget, order, paste, pmax, pmax.int, pmin, pmin.int,
    rank, rbind, rownames, sapply, saveRDS, table, tapply, unique,
    unsplit, which.max, which.min

Loading required package: S4Vectors
Loading required package: stats4

Attaching package: 'S4Vectors'

The following object is masked from 'package:utils':

    findMatches

The following objects are masked from 'package:base':

    I, expand.grid, unname

Loading required package: IRanges
Loading required package: XVector
Loading required package: GenomeInfoDb

Attaching package: 'Biostrings'

The following object is masked from 'package:base':

    strsplit


Load the sequences

Start clustering sequences
Partitioning sequences by 9-mer similarity:
================================================================================

Time difference of 47.1 secs

Sorting by relatedness within 593 groups:
iteration 44 of up to 2000 (100.0% stability) 

Time difference of 66.82 secs

Clustering sequences by 9-mer to 10-mer similarity:
================================================================================

Time difference of 264.19 secs

Clusters via relatedness sorting: 97.5% (0% exclusively)
Clusters via rare 9-mers: 100% (2.5% exclusively)
Estimated clustering effectiveness: 100%


Finished clustering

Writing the cluster data frame

Writing Track Stats

DONE
