module load r/4.5.0
[?2004l[?2004h[szamosjc@l5.nibi DataQC]$ Rscript --vanilla scripts/cluster99/04_cluster_distributions99.R 
[?2004lв”Ђв”Ђ Attaching core tidyverse packages в”Ђв”Ђв”Ђв”Ђв”Ђв”Ђв”Ђв”Ђв”Ђв”Ђв”Ђв”Ђв”Ђв”Ђв”Ђв”Ђв”Ђв”Ђв”Ђв”Ђв”Ђв”Ђв”Ђв”Ђв”Ђв”Ђв”Ђв”Ђв”Ђв”Ђв”Ђв”Ђв”Ђв”Ђв”Ђв”Ђв”Ђв”Ђв”Ђв”Ђв”Ђв”Ђв”Ђв”Ђв”Ђв”Ђ tidyverse 2.0.0 в”Ђв”Ђ
вњ” dplyr     1.1.4     вњ” readr     2.1.5
вњ” forcats   1.0.0     вњ” stringr   1.5.1
вњ” ggplot2   3.5.2     вњ” tibble    3.3.0
вњ” lubridate 1.9.4     вњ” tidyr     1.3.1
вњ” purrr     1.1.0     
в”Ђв”Ђ Conflicts в”Ђв”Ђв”Ђв”Ђв”Ђв”Ђв”Ђв”Ђв”Ђв”Ђв”Ђв”Ђв”Ђв”Ђв”Ђв”Ђв”Ђв”Ђв”Ђв”Ђв”Ђв”Ђв”Ђв”Ђв”Ђв”Ђв”Ђв”Ђв”Ђв”Ђв”Ђв”Ђв”Ђв”Ђв”Ђв”Ђв”Ђв”Ђв”Ђв”Ђв”Ђв”Ђв”Ђв”Ђв”Ђв”Ђв”Ђв”Ђв”Ђв”Ђв”Ђв”Ђв”Ђв”Ђв”Ђв”Ђв”Ђв”Ђв”Ђв”Ђв”Ђв”Ђв”Ђв”Ђ tidyverse_conflicts() в”Ђв”Ђ
вњ– dplyr::filter() masks stats::filter()
вњ– dplyr::lag()    masks stats::lag()
в„№ Use the conflicted package (<http://conflicted.r-lib.org/>) to force all conflicts to become errors
[?25h[?25h[?25h[?25h[?25h[?25h[?25h[?25h[?25h
There were 96,660 ASVs before clustering.
[?25h[?25h
There are 22,156 clusters at 99% clustering.
[?25h[?25h
The largest cluster has 886 ASVs[?25h
The smallest cluster size is 1, and there are 11,565 clusters of that size.
[?25h[?25h
Printing cluster size info to stats/cluster_size_distribution99.csv.
[?25h[?25h[?25h[?25h
Printing cluster size graph to stats/cluster_size_distribution99.png.
[?25h[?25h
DONE
[?25h[?25h[?2004h[szamosjc@l5.nibi DataQC]$ 