module load r/4.5.0
Rscript ./scripts/cluster99/06_cluster_counts99.R
── Attaching core tidyverse packages ──────────────────────── tidyverse 2.0.0 ──
✔ dplyr     1.1.4     ✔ readr     2.1.5
✔ forcats   1.0.0     ✔ stringr   1.5.1
✔ ggplot2   3.5.2     ✔ tibble    3.3.0
✔ lubridate 1.9.4     ✔ tidyr     1.3.1
✔ purrr     1.1.0     
── Conflicts ────────────────────────────────────────── tidyverse_conflicts() ──
✖ dplyr::filter() masks stats::filter()
✖ dplyr::lag()    masks stats::lag()
ℹ Use the conflicted package (<http://conflicted.r-lib.org/>) to force all conflicts to become errors

Read in the data

Check the inputs are good
Loading required namespace: phyloseq
[1] TRUE
[1] TRUE

Join the inputs into one table

Start summing the taxa together within cluster
/var/spool/slurmd/job1279067/slurm_script: line 15: 142853 Killed                  Rscript ./scripts/cluster99/06_cluster_counts99.R
slurmstepd: error: Detected 1 oom_kill event in StepId=1279067.batch. Some of the step tasks have been OOM Killed.
