Rscript ./scripts/cluster99/08_make_full99.R 
[?2004lFailed to query server: Could not activate remote peer.
Warning message:
In system("timedatectl", intern = TRUE) :
  running command 'timedatectl' had status 1
[?25h-- Attaching core tidyverse packages ---------------------------------------------- tidyverse 2.0.0 --
v dplyr     1.1.4     v readr     2.1.5
v forcats   1.0.0     v stringr   1.5.1
v ggplot2   3.5.2     v tibble    3.3.0
v lubridate 1.9.4     v tidyr     1.3.1
v purrr     1.1.0     
-- Conflicts ---------------------------------------------------------------- tidyverse_conflicts() --
x dplyr::filter() masks stats::filter()
x dplyr::lag()    masks stats::lag()
i Use the conflicted package (<http://conflicted.r-lib.org/>) to force all conflicts to become errors
[?25h[?25h[?25h[?25h[?25h[?25h[?25h[?25h[?25h[?25h[?25h[?25h[?25h[?25h[?25h[?25h[?25h[?25h[?25h
Read in the tax table
[?25h[?25h
Read in the otu table
[?25h[?25h
Check the sequences
[?25h[?25h[?25h[?25h
Check the sample IDs
[?25h[?25h
Reorder the tax table to match the otu table
[?25h[?25h[?25h[?25h[?25h[?25h[?25h[?25h
The original OTU table had 12838 samples and 23929 OTUs
[?25h
The original map table had 12838 rows after removing duplicates.
[?25h
The phyloseq object has 12838 samples and 23929 taxa before removing host
[?25h
Propagating taxon IDs down the levels
[?25hJoining with `by = join_by(Kingdom, Phylum, Class, Order, Family, Genus)`
[?25h
Removing host ASVs
[?25h[?25h[?25h
Writing phyloseq object files
[?25h[?25h[?25h[?25h[?25h[?25h[?25h[?25h[?25h[?25h[?25h
Writing the individual tables
[?25h[?25h[?25h[?25h[?25h[?25h[?25h[?25h[?25h
Writing track stats
[?25h[?25h[?25h
DONE
[?25h[?25h[?2004h[szamosjc@l5.nibi DataQC]$ 