module load r/4.5.0
Rscript ./scripts/cluster99/08_make_full99.R
── Attaching core tidyverse packages ──────────────────────── tidyverse 2.0.0 ──
✔ dplyr     1.1.4     ✔ readr     2.1.5
✔ forcats   1.0.0     ✔ stringr   1.5.1
✔ ggplot2   3.5.2     ✔ tibble    3.3.0
✔ lubridate 1.9.4     ✔ tidyr     1.3.1
✔ purrr     1.1.0     
── Conflicts ────────────────────────────────────────── tidyverse_conflicts() ──
✖ dplyr::filter() masks stats::filter()
✖ dplyr::lag()    masks stats::lag()
ℹ Use the conflicted package (<http://conflicted.r-lib.org/>) to force all conflicts to become errors

Read in the tax table

Read in the otu table

Check the sequences

Check the sample IDs

Reorder the tax table to match the otu table

The original OTU table had 13585 samples and 22156 OTUs

The original map table had 13585 rows after removing duplicates.

The phyloseq object has 13585 samples and 22156 taxa before removing host

Propagating taxon IDs down the levels
Joining with `by = join_by(Kingdom, Phylum, Class, Order, Family, Genus)`

Removing host ASVs

Writing phyloseq object files

Writing the individual tables

Writing track stats

DONE
